# JRE version: OpenJDK Runtime Environment (15.0.1+9) (build 15.0.1+9-18)
# Java VM: OpenJDK 64-Bit Server VM (15.0.1+9-18, mixed mode, sharing, tiered, compressed oops, g1 gc, windows-amd64)
GC Precious Log:
 CPUs: 4 total, 4 available
 Memory: 3907M
 Large Page Support: Disabled
 NUMA Support: Disabled
 Compressed Oops: Enabled (32-bit)
 Heap Region Size: 1M
 Heap Min Capacity: 8M
 Heap Initial Capacity: 62M
 Heap Max Capacity: 978M
 Pre-touch: Disabled
 Parallel Workers: 4
 Concurrent Workers: 1
 Concurrent Refinement Workers: 4
 Periodic GC: Disabled
Heap:
 garbage-first heap   total 63488K, used 19353K [0x00000000c2e00000, 0x0000000100000000)
  region size 1024K, 17 young (17408K), 2 survivors (2048K)
 Metaspace       used 11705K, capacity 12820K, committed 13056K, reserved 1060864K
  class space    used 1371K, capacity 1528K, committed 1536K, reserved 1048576K
GC Heap History (6 events):
Event: 5.191 GC heap before
{Heap before GC invocations=0 (full 0):
 garbage-first heap   total 63488K, used 12288K [0x00000000c2e00000, 0x0000000100000000)
  region size 1024K, 13 young (13312K), 0 survivors (0K)
 Metaspace       used 4269K, capacity 6319K, committed 6528K, reserved 1056768K
  class space    used 420K, capacity 637K, committed 640K, reserved 1048576K
}
Event: 5.241 GC heap after
{Heap after GC invocations=1 (full 0):
 garbage-first heap   total 63488K, used 3550K [0x00000000c2e00000, 0x0000000100000000)
  region size 1024K, 2 young (2048K), 2 survivors (2048K)
 Metaspace       used 4269K, capacity 6319K, committed 6528K, reserved 1056768K
  class space    used 420K, capacity 637K, committed 640K, reserved 1048576K
}
Event: 6.289 GC heap before
{Heap before GC invocations=1 (full 0):
 garbage-first heap   total 63488K, used 12766K [0x00000000c2e00000, 0x0000000100000000)
  region size 1024K, 11 young (11264K), 2 survivors (2048K)
 Metaspace       used 6135K, capacity 7730K, committed 7808K, reserved 1056768K
  class space    used 684K, capacity 830K, committed 896K, reserved 1048576K
}
Event: 6.299 GC heap after
{Heap after GC invocations=2 (full 0):
 garbage-first heap   total 63488K, used 4257K [0x00000000c2e00000, 0x0000000100000000)
  region size 1024K, 1 young (1024K), 1 survivors (1024K)
 Metaspace       used 6135K, capacity 7730K, committed 7808K, reserved 1056768K
  class space    used 684K, capacity 830K, committed 896K, reserved 1048576K
}
Event: 7.962 GC heap before
{Heap before GC invocations=2 (full 0):
 garbage-first heap   total 63488K, used 27809K [0x00000000c2e00000, 0x0000000100000000)
  region size 1024K, 24 young (24576K), 1 survivors (1024K)
 Metaspace       used 9210K, capacity 10532K, committed 10752K, reserved 1058816K
  class space    used 1049K, capacity 1228K, committed 1280K, reserved 1048576K
}
Event: 7.967 GC heap after
{Heap after GC invocations=3 (full 0):
 garbage-first heap   total 63488K, used 5017K [0x00000000c2e00000, 0x0000000100000000)
  region size 1024K, 2 young (2048K), 2 survivors (2048K)
 Metaspace       used 9210K, capacity 10532K, committed 10752K, reserved 1058816K
  class space    used 1049K, capacity 1228K, committed 1280K, reserved 1048576K
}

